<?xml version="1.0" encoding="UTF-8"?>
<!-- Generated by org.testng.reporters.JUnitReportReporter -->
<testsuite hostname="CBT-018" name="com.mavenjenkns.com.MavenJenkins" tests="2" failures="0" timestamp="13 Aug 2016 13:12:52 GMT" time="0.525" errors="0">
  <testcase name="MavenJenkinsMethod_Fail" time="0.506" classname="com.mavenjenkns.com.MavenJenkins"/>
  <testcase name="MavenJenkinsMethod_Pass" time="0.019" classname="com.mavenjenkns.com.MavenJenkins"/>
</testsuite> <!-- com.mavenjenkns.com.MavenJenkins -->
